2022-06-17 13:25:20 info: this is the environment: 
2022-06-17 13:25:22 info: Server is running on port 8000
2022-06-17 13:25:23 info: DB connected
2022-06-17 13:26:25 info: this is the environment: 
2022-06-17 13:26:26 info: Server is running on port 8000
2022-06-17 13:26:26 info: DB connected
2022-06-17 13:26:37 info: this is the environment: 
2022-06-17 13:26:38 info: Server is running on port 8000
2022-06-17 13:26:38 info: DB connected
2022-06-17 13:26:46 info: this is the environment: 
2022-06-17 13:26:47 info: Server is running on port 8000
2022-06-17 13:26:47 info: DB connected
2022-06-17 13:28:12 info: this is the environment: 
2022-06-17 13:28:13 info: Server is running on port 8000
2022-06-17 13:28:13 info: DB connected
2022-06-17 13:30:14 info: this is the environment: 
2022-06-17 13:30:15 info: Server is running on port 8000
2022-06-17 13:30:15 info: DB connected
2022-06-17 13:31:48 info: this is the environment: 
2022-06-17 13:31:49 info: Server is running on port 8000
2022-06-17 13:31:49 info: DB connected
2022-06-17 13:35:07 info: this is the environment: 
2022-06-17 13:35:07 info: Server is running on port 8000
2022-06-17 13:35:07 info: DB connected
2022-06-17 13:36:43 info: this is the environment: 
2022-06-17 13:36:43 info: Server is running on port 8000
2022-06-17 13:36:43 info: DB connected
2022-06-17 13:38:04 info: this is the environment: 
2022-06-17 13:38:05 info: Server is running on port 8000
2022-06-17 13:38:05 info: DB connected
2022-06-17 13:38:49 info: this is the environment: 
2022-06-17 13:38:49 info: Server is running on port 8000
2022-06-17 13:38:50 info: DB connected
2022-06-17 13:40:33 info: this is the environment: 
2022-06-17 13:40:34 info: Server is running on port 8000
2022-06-17 13:40:34 info: DB connected
2022-06-17 13:43:31 info: this is the environment: 
2022-06-17 13:43:31 info: Server is running on port 8000
2022-06-17 13:43:32 info: DB connected
2022-06-17 13:44:44 info: this is the environment: 
2022-06-17 13:44:45 info: Server is running on port 8000
2022-06-17 13:44:45 info: DB connected
2022-06-17 13:47:37 info: this is the environment: 
2022-06-17 13:47:38 info: Server is running on port 8000
2022-06-17 13:47:38 info: DB connected
2022-06-17 13:49:24 info: this is the environment: 
2022-06-17 13:49:24 info: Server is running on port 8000
2022-06-17 13:49:24 info: DB connected
2022-06-17 14:00:45 info: this is the environment: 
2022-06-17 14:00:46 info: Server is running on port 8000
2022-06-17 14:00:46 info: DB connected
2022-06-17 14:01:54 info: this is the environment: 
2022-06-17 14:01:55 info: Server is running on port 8000
2022-06-17 14:01:55 info: DB connected
2022-06-17 14:02:38 info: this is the environment: 
2022-06-17 14:02:38 info: Server is running on port 8000
2022-06-17 14:02:38 info: DB connected
2022-06-17 14:07:01 info: this is the environment: 
2022-06-17 14:07:02 info: Server is running on port 8000
2022-06-17 14:07:02 info: DB connected
2022-06-17 14:09:58 info: this is the environment: 
2022-06-17 14:09:59 info: Server is running on port 8000
2022-06-17 14:09:59 info: DB connected
2022-06-17 14:11:10 info: GET / {
  "templateName" : "[긴급]서버 장애 상태 알림",
  "templatePath" : "templates/mail/createdTemplate/[긴급]서버 장애 상태 알림",
  "created" : 1655046000.000000000,
  "updated" : 1655046000.000000000,
  "code" : "createEnv",
  "callMailService" : "serverStatusAlert"
}
2022-06-17 14:12:10 info: GET / {
  "templateName" : "[긴급]서버 장애 상태 알림",
  "templatePath" : "templates/mail/createdTemplate/[긴급]서버 장애 상태 알림",
  "created" : 1655046000.000000000,
  "updated" : 1655046000.000000000,
  "code" : "createEnv",
  "callMailService" : "serverStatusAlert"
}
2022-06-17 14:13:10 info: GET / {
  "templateName" : "[긴급]서버 장애 상태 알림",
  "templatePath" : "templates/mail/createdTemplate/[긴급]서버 장애 상태 알림",
  "created" : 1655046000.000000000,
  "updated" : 1655046000.000000000,
  "code" : "createEnv",
  "callMailService" : "serverStatusAlert"
}
2022-06-17 14:15:59 info: this is the environment: 
2022-06-17 14:16:00 info: Server is running on port 8000
2022-06-17 14:16:00 info: DB connected
2022-06-17 14:23:03 info: this is the environment: 
2022-06-17 14:23:04 info: Server is running on port 8000
2022-06-17 14:23:04 info: DB connected
2022-06-17 14:26:06 info: this is the environment: 
2022-06-17 14:26:07 info: Server is running on port 8000
2022-06-17 14:26:08 info: this is the environment: 
2022-06-17 14:26:09 info: Server is running on port 8000
2022-06-17 14:26:09 info: DB connected
2022-06-17 14:26:42 info: this is the environment: 
2022-06-17 14:26:43 info: Server is running on port 8000
2022-06-17 14:26:43 info: DB connected
2022-06-17 14:48:45 info: this is the environment: 
2022-06-17 14:48:46 info: Server is running on port 8000
2022-06-17 14:48:46 info: DB connected
2022-06-17 14:49:11 info: GET / {
  "templateName" : "[긴급]서버 장애 상태 알림",
  "templatePath" : "templates/mail/createdTemplate/[긴급]서버 장애 상태 알림",
  "created" : 1655046000.000000000,
  "updated" : 1655046000.000000000,
  "code" : "createEnv",
  "callMailService" : "serverStatusAlert"
}
2022-06-17 14:49:11 info: GET / {
  "templateName" : "[긴급]서버 장애 상태 알림",
  "templatePath" : "templates/mail/createdTemplate/[긴급]서버 장애 상태 알림",
  "created" : 1655046000.000000000,
  "updated" : 1655046000.000000000,
  "code" : "createEnv",
  "callMailService" : "serverStatusAlert"
}
2022-06-17 14:50:10 info: GET / {
  "templateName" : "[긴급]서버 장애 상태 알림",
  "templatePath" : "templates/mail/createdTemplate/[긴급]서버 장애 상태 알림",
  "created" : 1655046000.000000000,
  "updated" : 1655046000.000000000,
  "code" : "createEnv",
  "callMailService" : "serverStatusAlert"
}
2022-06-17 14:50:10 info: GET / {
  "templateName" : "[긴급]서버 장애 상태 알림",
  "templatePath" : "templates/mail/createdTemplate/[긴급]서버 장애 상태 알림",
  "created" : 1655046000.000000000,
  "updated" : 1655046000.000000000,
  "code" : "createEnv",
  "callMailService" : "serverStatusAlert"
}
2022-06-17 14:51:10 info: GET / {
  "templateName" : "[긴급]서버 장애 상태 알림",
  "templatePath" : "templates/mail/createdTemplate/[긴급]서버 장애 상태 알림",
  "created" : 1655046000.000000000,
  "updated" : 1655046000.000000000,
  "code" : "createEnv",
  "callMailService" : "serverStatusAlert"
}
2022-06-17 14:51:10 info: GET / {
  "templateName" : "[긴급]서버 장애 상태 알림",
  "templatePath" : "templates/mail/createdTemplate/[긴급]서버 장애 상태 알림",
  "created" : 1655046000.000000000,
  "updated" : 1655046000.000000000,
  "code" : "createEnv",
  "callMailService" : "serverStatusAlert"
}
2022-06-17 14:51:40 info: this is the environment: 
2022-06-17 14:51:41 info: Server is running on port 8000
2022-06-17 14:51:41 info: DB connected
2022-06-17 15:31:02 info: this is the environment: 
2022-06-17 15:31:03 info: Server is running on port 8000
2022-06-17 15:31:03 info: DB connected
2022-06-17 15:31:23 info: this is the environment: 
2022-06-17 15:31:24 info: Server is running on port 8000
2022-06-17 15:31:24 info: DB connected
2022-06-17 15:31:48 info: this is the environment: 
2022-06-17 15:31:49 info: Server is running on port 8000
2022-06-17 15:31:49 info: DB connected
2022-06-17 16:14:39 info: this is the environment: 
2022-06-17 16:14:40 info: Server is running on port 8000
2022-06-17 16:14:40 info: DB connected
2022-06-17 16:21:05 info: this is the environment: 
2022-06-17 16:21:06 info: Server is running on port 8000
2022-06-17 16:21:06 info: DB connected
2022-06-17 16:48:31 info: this is the environment: 
2022-06-17 16:48:32 info: Server is running on port 8000
2022-06-17 16:48:32 info: DB connected
2022-06-17 16:49:10 info: GET / {
  "templateName" : "[긴급]서버 장애 상태 알림",
  "templatePath" : "templates/mail/createdTemplate/[긴급]서버 장애 상태 알림",
  "created" : 1655046000.000000000,
  "updated" : 1655046000.000000000,
  "code" : "createEnv",
  "callMailService" : "serverStatusAlert"
}
2022-06-17 16:50:10 info: GET / {
  "templateName" : "[긴급]서버 장애 상태 알림",
  "templatePath" : "templates/mail/createdTemplate/[긴급]서버 장애 상태 알림",
  "created" : 1655046000.000000000,
  "updated" : 1655046000.000000000,
  "code" : "createEnv",
  "callMailService" : "serverStatusAlert"
}
2022-06-17 16:51:10 info: GET / {
  "templateName" : "[긴급]서버 장애 상태 알림",
  "templatePath" : "templates/mail/createdTemplate/[긴급]서버 장애 상태 알림",
  "created" : 1655046000.000000000,
  "updated" : 1655046000.000000000,
  "code" : "createEnv",
  "callMailService" : "serverStatusAlert"
}
2022-06-17 17:06:51 info: this is the environment: 
2022-06-17 17:06:52 info: Server is running on port 8000
2022-06-17 17:06:52 info: DB connected
2022-06-17 17:07:59 info: this is the environment: 
2022-06-17 17:08:00 info: Server is running on port 8000
2022-06-17 17:08:00 info: DB connected
2022-06-17 17:21:53 info: this is the environment: 
2022-06-17 17:21:55 info: Server is running on port 8000
2022-06-17 17:21:55 info: DB connected
2022-06-17 17:22:10 info: GET / {
  "templateName" : "[긴급]서버 장애 상태 알림",
  "templatePath" : "templates/mail/createdTemplate/[긴급]서버 장애 상태 알림",
  "created" : 1655046000.000000000,
  "updated" : 1655046000.000000000,
  "code" : "createEnv",
  "callMailService" : "serverStatusAlert"
}
2022-06-17 17:23:05 info: this is the environment: 
2022-06-17 17:23:06 info: Server is running on port 8000
2022-06-17 17:23:06 info: DB connected
2022-06-17 17:23:10 info: GET / {
  "templateName" : "[긴급]서버 장애 상태 알림",
  "templatePath" : "templates/mail/createdTemplate/[긴급]서버 장애 상태 알림",
  "created" : 1655046000.000000000,
  "updated" : 1655046000.000000000,
  "code" : "createEnv",
  "callMailService" : "serverStatusAlert"
}
2022-06-17 17:24:10 info: GET / {
  "templateName" : "[긴급]서버 장애 상태 알림",
  "templatePath" : "templates/mail/createdTemplate/[긴급]서버 장애 상태 알림",
  "created" : 1655046000.000000000,
  "updated" : 1655046000.000000000,
  "code" : "createEnv",
  "callMailService" : "serverStatusAlert"
}
2022-06-17 17:24:20 info: this is the environment: 
2022-06-17 17:24:21 info: Server is running on port 8000
2022-06-17 17:24:21 info: DB connected
2022-06-17 17:25:18 info: this is the environment: 
2022-06-17 17:25:19 info: Server is running on port 8000
2022-06-17 17:25:19 info: DB connected
